<?xml version="1.0" encoding="UTF-8"?>
<!-- Generated by org.testng.reporters.JUnitReportReporter -->
<testsuite hostname="user-PC" failures="0" tests="1" name="practices.java_1" time="77.655" errors="0" timestamp="2023-10-16T12:28:27 IST" skipped="0">
  <testcase classname="practices.java_1" name="openurl" time="77.655"/>
  <system-out/>
</testsuite> <!-- practices.java_1 -->
